<?xml version="1.0" encoding="utf-8"?><testsuites name="pytest tests"><testsuite name="pytest" errors="0" failures="0" skipped="0" tests="13" time="52.786" timestamp="2026-06-22T11:54:36.407502+00:00" hostname="agent-env-5762f447-aeb6-41c2-a7ab-bd71c7c09bf3"><testcase classname="backend.tests.test_phase5.TestExternalScrape" name="test_reliance_external_scrape" time="9.442" /><testcase classname="backend.tests.test_phase5.TestExternalScrape" name="test_cache_speedup" time="0.134" /><testcase classname="backend.tests.test_phase5.TestNewsSplitKeywords" name="test_sunpharma_sector_news_populated" time="2.669" /><testcase classname="backend.tests.test_phase5.TestNewsSplitKeywords" name="test_tatamotors_sector_news_populated" time="1.813" /><testcase classname="backend.tests.test_phase5" name="test_regression_endpoints[/news-split-GET]" time="1.403" /><testcase classname="backend.tests.test_phase5" name="test_regression_endpoints[/sector-analysis-GET]" time="5.672" /><testcase classname="backend.tests.test_phase5" name="test_regression_endpoints[/red-flags-GET]" time="2.149" /><testcase classname="backend.tests.test_phase5" name="test_regression_endpoints[/events-GET]" time="0.416" /><testcase classname="backend.tests.test_phase5" name="test_regression_endpoints[/legal-GET]" time="0.376" /><testcase classname="backend.tests.test_phase5" name="test_regression_endpoints[/social-GET]" time="0.548" /><testcase classname="backend.tests.test_phase5" name="test_regression_endpoints[/ai-verdict-POST]" time="27.363" /><testcase classname="backend.tests.test_phase5" name="test_regression_endpoints[/options-GET]" time="0.516" /><testcase classname="backend.tests.test_phase5" name="test_regression_endpoints[/insider-GET]" time="0.199" /></testsuite></testsuites>