<?xml version="1.0" encoding="utf-8"?><testsuites name="pytest tests"><testsuite name="pytest" errors="0" failures="0" skipped="1" tests="9" time="19.984" timestamp="2026-06-19T18:39:07.543711+00:00" hostname="agent-env-5762f447-aeb6-41c2-a7ab-bd71c7c09bf3"><testcase classname="backend.tests.test_phase2" name="test_fii_dii" time="0.349"><skipped type="pytest.skip" message="FII/DII source unavailable (likely HTTP 403 from Moneycontrol): {'rows': [], 'error': 'HTTP 403'}">/app/backend/tests/test_phase2.py:24: FII/DII source unavailable (likely HTTP 403 from Moneycontrol): {'rows': [], 'error': 'HTTP 403'}</skipped></testcase><testcase classname="backend.tests.test_phase2" name="test_concalls" time="1.132" /><testcase classname="backend.tests.test_phase2" name="test_concall_summary" time="13.036" /><testcase classname="backend.tests.test_phase2" name="test_peers" time="3.794" /><testcase classname="backend.tests.test_phase2" name="test_options" time="0.690" /><testcase classname="backend.tests.test_phase2" name="test_insider" time="0.151" /><testcase classname="backend.tests.test_phase2" name="test_holders_major_breakdown" time="0.127" /><testcase classname="backend.tests.test_phase2" name="test_tcs_technicals_nan_fix" time="0.145" /><testcase classname="backend.tests.test_phase2" name="test_tcs_overview_dividend_yield" time="0.470" /></testsuite></testsuites>