<?xml version="1.0" encoding="utf-8"?><testsuites name="pytest tests"><testsuite name="pytest" errors="0" failures="0" skipped="0" tests="18" time="12.828" timestamp="2026-06-22T11:32:09.927433+00:00" hostname="agent-env-5762f447-aeb6-41c2-a7ab-bd71c7c09bf3"><testcase classname="backend.tests.test_phase4.TestNewsSplit" name="test_status_and_shape" time="3.266" /><testcase classname="backend.tests.test_phase4.TestNewsSplit" name="test_counts_match_lists" time="0.051" /><testcase classname="backend.tests.test_phase4.TestNewsSplit" name="test_reliance_has_sector_and_company_items" time="0.047" /><testcase classname="backend.tests.test_phase4.TestNewsSplit" name="test_items_have_required_fields" time="0.048" /><testcase classname="backend.tests.test_phase4.TestNewsSplit" name="test_company_news_mentions_reliance" time="0.045" /><testcase classname="backend.tests.test_phase4.TestNewsSplit" name="test_sentiment_label_present" time="0.055" /><testcase classname="backend.tests.test_phase4.TestSectorAnalysis" name="test_status_and_top_shape" time="4.992" /><testcase classname="backend.tests.test_phase4.TestSectorAnalysis" name="test_reliance_sector_is_energy" time="0.044" /><testcase classname="backend.tests.test_phase4.TestSectorAnalysis" name="test_index_has_price_and_perf" time="0.057" /><testcase classname="backend.tests.test_phase4.TestSectorAnalysis" name="test_verdict_string" time="0.043" /><testcase classname="backend.tests.test_phase4.TestSectorAnalysis" name="test_deep_links" time="0.044" /><testcase classname="backend.tests.test_phase4.TestSectorAnalysis" name="test_peer_aggregates_and_stock_vs_peers" time="0.044" /><testcase classname="backend.tests.test_phase4.TestRegression" name="test_prior_endpoints[/overview]" time="0.264" /><testcase classname="backend.tests.test_phase4.TestRegression" name="test_prior_endpoints[/news]" time="0.523" /><testcase classname="backend.tests.test_phase4.TestRegression" name="test_prior_endpoints[/red-flags]" time="1.994" /><testcase classname="backend.tests.test_phase4.TestRegression" name="test_prior_endpoints[/events]" time="0.333" /><testcase classname="backend.tests.test_phase4.TestRegression" name="test_prior_endpoints[/legal]" time="0.345" /><testcase classname="backend.tests.test_phase4.TestRegression" name="test_prior_endpoints[/social]" time="0.495" /></testsuite></testsuites>