<?xml version="1.0" encoding="utf-8"?><testsuites name="pytest tests"><testsuite name="pytest" errors="0" failures="0" skipped="0" tests="6" time="56.085" timestamp="2026-06-20T06:02:30.121095+00:00" hostname="agent-env-5762f447-aeb6-41c2-a7ab-bd71c7c09bf3"><testcase classname="backend.tests.test_phase3" name="test_social_three_blocks" time="5.088" /><testcase classname="backend.tests.test_phase3" name="test_legal_well_formed" time="15.750" /><testcase classname="backend.tests.test_phase3" name="test_news_has_vader_sentiment" time="0.780" /><testcase classname="backend.tests.test_phase3" name="test_ai_verdict_disclaimer_and_sector" time="22.948" /><testcase classname="backend.tests.test_phase3" name="test_events_merged" time="1.464" /><testcase classname="backend.tests.test_phase3" name="test_red_flags_structure" time="9.895" /></testsuite></testsuites>