<?xml version="1.0" encoding="utf-8"?><testsuites name="pytest tests"><testsuite name="pytest" errors="0" failures="0" skipped="0" tests="14" time="34.221" timestamp="2026-06-19T18:14:36.913699+00:00" hostname="agent-env-5762f447-aeb6-41c2-a7ab-bd71c7c09bf3"><testcase classname="backend.tests.test_stocksentinel" name="test_root" time="0.261" /><testcase classname="backend.tests.test_stocksentinel" name="test_search" time="0.419" /><testcase classname="backend.tests.test_stocksentinel" name="test_overview" time="0.646" /><testcase classname="backend.tests.test_stocksentinel" name="test_chart[1y]" time="0.097" /><testcase classname="backend.tests.test_stocksentinel" name="test_chart[1mo]" time="0.126" /><testcase classname="backend.tests.test_stocksentinel" name="test_technicals" time="0.199" /><testcase classname="backend.tests.test_stocksentinel" name="test_financials" time="0.833" /><testcase classname="backend.tests.test_stocksentinel" name="test_corporate" time="0.329" /><testcase classname="backend.tests.test_stocksentinel" name="test_holders" time="0.120" /><testcase classname="backend.tests.test_stocksentinel" name="test_news" time="3.913" /><testcase classname="backend.tests.test_stocksentinel" name="test_screener" time="1.221" /><testcase classname="backend.tests.test_stocksentinel" name="test_macro" time="5.521" /><testcase classname="backend.tests.test_stocksentinel" name="test_sectors" time="4.473" /><testcase classname="backend.tests.test_stocksentinel" name="test_ai_verdict" time="15.976" /></testsuite></testsuites>